Started GET "/" for ::1 at 2017-04-04 11:37:10 -0400
Started GET "/" for ::1 at 2017-04-04 11:37:11 -0400
Started GET "/" for ::1 at 2017-04-04 11:37:59 -0400
Processing by Rails::WelcomeController#index as HTML
  Parameters: {"internal"=>true}
  Rendering /Users/kleahey/.rvm/gems/ruby-2.4.0@global/gems/railties-5.0.2/lib/rails/templates/rails/welcome/index.html.erb
  Rendered /Users/kleahey/.rvm/gems/ruby-2.4.0@global/gems/railties-5.0.2/lib/rails/templates/rails/welcome/index.html.erb (5.4ms)
Completed 200 OK in 29ms (Views: 15.4ms | ActiveRecord: 0.0ms)


  [1m[35m (49.4ms)[0m  [1m[35mCREATE TABLE "schema_migrations" ("version" character varying PRIMARY KEY)[0m
  [1m[35m (22.7ms)[0m  [1m[35mCREATE TABLE "ar_internal_metadata" ("key" character varying PRIMARY KEY, "value" character varying, "created_at" timestamp NOT NULL, "updated_at" timestamp NOT NULL)[0m
  [1m[35m (1.2ms)[0m  [1m[34mSELECT pg_try_advisory_lock(2636335094792765940);[0m
  [1m[36mActiveRecord::SchemaMigration Load (0.5ms)[0m  [1m[34mSELECT "schema_migrations".* FROM "schema_migrations"[0m
Migrating to CreateRecipes (20170404155413)
  [1m[35m (6.2ms)[0m  [1m[35mBEGIN[0m
  [1m[35m (32.9ms)[0m  [1m[35mCREATE TABLE "recipes" ("id" serial primary key, "title" character varying, "ingredients" text, "directions" text, "created_at" timestamp NOT NULL, "updated_at" timestamp NOT NULL)[0m
  [1m[35mSQL (4.0ms)[0m  [1m[32mINSERT INTO "schema_migrations" ("version") VALUES ($1) RETURNING "version"[0m  [["version", "20170404155413"]]
  [1m[35m (0.4ms)[0m  [1m[35mCOMMIT[0m
  [1m[36mActiveRecord::InternalMetadata Load (0.7ms)[0m  [1m[34mSELECT  "ar_internal_metadata".* FROM "ar_internal_metadata" WHERE "ar_internal_metadata"."key" = $1 LIMIT $2[0m  [["key", :environment], ["LIMIT", 1]]
  [1m[35m (0.1ms)[0m  [1m[35mBEGIN[0m
  [1m[35mSQL (1.1ms)[0m  [1m[32mINSERT INTO "ar_internal_metadata" ("key", "value", "created_at", "updated_at") VALUES ($1, $2, $3, $4) RETURNING "key"[0m  [["key", "environment"], ["value", "development"], ["created_at", 2017-04-04 15:54:29 UTC], ["updated_at", 2017-04-04 15:54:29 UTC]]
  [1m[35m (0.2ms)[0m  [1m[35mCOMMIT[0m
  [1m[35m (3.9ms)[0m  [1m[34mSELECT pg_advisory_unlock(2636335094792765940)[0m
  [1m[36mActiveRecord::SchemaMigration Load (6.4ms)[0m  [1m[34mSELECT "schema_migrations".* FROM "schema_migrations"[0m
Started GET "/" for ::1 at 2017-04-04 11:57:10 -0400
  [1m[36mActiveRecord::SchemaMigration Load (0.6ms)[0m  [1m[34mSELECT "schema_migrations".* FROM "schema_migrations"[0m
Processing by Rails::WelcomeController#index as HTML
  Parameters: {"internal"=>true}
  Rendering /Users/kleahey/.rvm/gems/ruby-2.4.0@global/gems/railties-5.0.2/lib/rails/templates/rails/welcome/index.html.erb
  Rendered /Users/kleahey/.rvm/gems/ruby-2.4.0@global/gems/railties-5.0.2/lib/rails/templates/rails/welcome/index.html.erb (4.0ms)
Completed 200 OK in 23ms (Views: 9.9ms | ActiveRecord: 0.0ms)


Started GET "/" for ::1 at 2017-04-04 11:57:11 -0400
Processing by Rails::WelcomeController#index as HTML
  Parameters: {"internal"=>true}
  Rendering /Users/kleahey/.rvm/gems/ruby-2.4.0@global/gems/railties-5.0.2/lib/rails/templates/rails/welcome/index.html.erb
  Rendered /Users/kleahey/.rvm/gems/ruby-2.4.0@global/gems/railties-5.0.2/lib/rails/templates/rails/welcome/index.html.erb (2.6ms)
Completed 200 OK in 8ms (Views: 5.4ms | ActiveRecord: 0.0ms)


Started GET "/recipes" for ::1 at 2017-04-04 11:57:13 -0400
Processing by RecipesController#index as HTML
  Rendering recipes/index.html.erb within layouts/application
  [1m[36mRecipe Load (6.9ms)[0m  [1m[34mSELECT "recipes".* FROM "recipes"[0m
  Rendered recipes/index.html.erb within layouts/application (15.3ms)
Completed 200 OK in 894ms (Views: 875.8ms | ActiveRecord: 9.9ms)


Started GET "/recipes/new" for ::1 at 2017-04-04 11:57:18 -0400
Processing by RecipesController#new as HTML
  Rendering recipes/new.html.erb within layouts/application
  Rendered recipes/_form.html.erb (30.4ms)
  Rendered recipes/new.html.erb within layouts/application (35.0ms)
Completed 200 OK in 76ms (Views: 59.2ms | ActiveRecord: 5.2ms)


Started POST "/recipes" for ::1 at 2017-04-04 11:58:17 -0400
Processing by RecipesController#create as HTML
  Parameters: {"utf8"=>"✓", "authenticity_token"=>"P5ClkpIoXkC8+QRRLsI8H6cair1GDmvHmhmFWEeNO7sJGV4Z6APQzH+6sng+2EpsNFL0ffsqE27Hr2R1epOrLg==", "recipe"=>{"title"=>"Chicken Piccata", "ingredients"=>"2 skinless and boneless chicken breasts, butterflied and then cut in half\r\nSea salt and freshly ground black pepper\r\nAll-purpose flour, for dredging\r\n6 tablespoons unsalted butter\r\n5 tablespoons extra-virgin olive oil\r\n1/3 cup fresh lemon juice\r\n1/2 cup chicken stock\r\n1/4 cup brined capers, rinsed\r\n1/3 cup fresh parsley, chopped", "directions"=>"Season chicken with salt and pepper. Dredge chicken in flour and shake off excess.\r\n\r\nIn a large skillet over medium high heat, melt 2 tablespoons of butter with 3 tablespoons olive oil. When butter and oil start to sizzle, add 2 pieces of chicken and cook for 3 minutes. When chicken is browned, flip and cook other side for 3 minutes. Remove and transfer to plate. Melt 2 more tablespoons butter and add another 2 tablespoons olive oil. When butter and oil start to sizzle, add the other 2 pieces of chicken and brown both sides in same manner. Remove pan from heat and add chicken to the plate.\r\n\r\nInto the pan add the lemon juice, stock and capers. Return to stove and bring to boil, scraping up brown bits from the pan for extra flavor. Check for seasoning. Return all the chicken to the pan and simmer for 5 minutes. Remove chicken to platter. Add remaining 2 tablespoons butter to sauce and whisk vigorously. Pour sauce over chicken and garnish with parsley."}, "commit"=>"Create Recipe"}
  [1m[35m (0.2ms)[0m  [1m[35mBEGIN[0m
  [1m[35mSQL (7.2ms)[0m  [1m[32mINSERT INTO "recipes" ("title", "ingredients", "directions", "created_at", "updated_at") VALUES ($1, $2, $3, $4, $5) RETURNING "id"[0m  [["title", "Chicken Piccata"], ["ingredients", "2 skinless and boneless chicken breasts, butterflied and then cut in half\r\nSea salt and freshly ground black pepper\r\nAll-purpose flour, for dredging\r\n6 tablespoons unsalted butter\r\n5 tablespoons extra-virgin olive oil\r\n1/3 cup fresh lemon juice\r\n1/2 cup chicken stock\r\n1/4 cup brined capers, rinsed\r\n1/3 cup fresh parsley, chopped"], ["directions", "Season chicken with salt and pepper. Dredge chicken in flour and shake off excess.\r\n\r\nIn a large skillet over medium high heat, melt 2 tablespoons of butter with 3 tablespoons olive oil. When butter and oil start to sizzle, add 2 pieces of chicken and cook for 3 minutes. When chicken is browned, flip and cook other side for 3 minutes. Remove and transfer to plate. Melt 2 more tablespoons butter and add another 2 tablespoons olive oil. When butter and oil start to sizzle, add the other 2 pieces of chicken and brown both sides in same manner. Remove pan from heat and add chicken to the plate.\r\n\r\nInto the pan add the lemon juice, stock and capers. Return to stove and bring to boil, scraping up brown bits from the pan for extra flavor. Check for seasoning. Return all the chicken to the pan and simmer for 5 minutes. Remove chicken to platter. Add remaining 2 tablespoons butter to sauce and whisk vigorously. Pour sauce over chicken and garnish with parsley."], ["created_at", 2017-04-04 15:58:17 UTC], ["updated_at", 2017-04-04 15:58:17 UTC]]
  [1m[35m (12.1ms)[0m  [1m[35mCOMMIT[0m
Redirected to http://localhost:3000/recipes/1
Completed 302 Found in 25ms (ActiveRecord: 19.5ms)


Started GET "/recipes/1" for ::1 at 2017-04-04 11:58:17 -0400
Processing by RecipesController#show as HTML
  Parameters: {"id"=>"1"}
  [1m[36mRecipe Load (6.8ms)[0m  [1m[34mSELECT  "recipes".* FROM "recipes" WHERE "recipes"."id" = $1 LIMIT $2[0m  [["id", 1], ["LIMIT", 1]]
  Rendering recipes/show.html.erb within layouts/application
  Rendered recipes/show.html.erb within layouts/application (0.7ms)
Completed 200 OK in 39ms (Views: 25.7ms | ActiveRecord: 7.0ms)


Started GET "/recipes" for ::1 at 2017-04-04 11:58:25 -0400
Processing by RecipesController#index as HTML
  Rendering recipes/index.html.erb within layouts/application
  [1m[36mRecipe Load (0.8ms)[0m  [1m[34mSELECT "recipes".* FROM "recipes"[0m
  Rendered recipes/index.html.erb within layouts/application (5.4ms)
Completed 200 OK in 42ms (Views: 37.7ms | ActiveRecord: 0.8ms)


Started GET "/recipes/1" for ::1 at 2017-04-04 11:58:34 -0400
Processing by RecipesController#show as HTML
  Parameters: {"id"=>"1"}
  [1m[36mRecipe Load (0.5ms)[0m  [1m[34mSELECT  "recipes".* FROM "recipes" WHERE "recipes"."id" = $1 LIMIT $2[0m  [["id", 1], ["LIMIT", 1]]
  Rendering recipes/show.html.erb within layouts/application
  Rendered recipes/show.html.erb within layouts/application (0.8ms)
Completed 200 OK in 43ms (Views: 38.3ms | ActiveRecord: 1.0ms)


Started GET "/recipes" for ::1 at 2017-04-04 11:58:48 -0400
Processing by RecipesController#index as HTML
  Rendering recipes/index.html.erb within layouts/application
  [1m[36mRecipe Load (0.4ms)[0m  [1m[34mSELECT "recipes".* FROM "recipes"[0m
  Rendered recipes/index.html.erb within layouts/application (2.4ms)
Completed 200 OK in 35ms (Views: 32.1ms | ActiveRecord: 0.4ms)


Started GET "/" for ::1 at 2017-04-04 12:01:36 -0400
  
NoMethodError (undefined method `root_path' for #<ActionDispatch::Routing::Mapper:0x007fd7168b8c70>):
  
config/routes.rb:5:in `block in <top (required)>'
config/routes.rb:1:in `<top (required)>'
  Rendering /Users/kleahey/.rvm/gems/ruby-2.4.0@global/gems/actionpack-5.0.2/lib/action_dispatch/middleware/templates/rescues/diagnostics.html.erb within rescues/layout
Started GET "/" for ::1 at 2017-04-04 12:01:36 -0400
  Rendering /Users/kleahey/.rvm/gems/ruby-2.4.0@global/gems/actionpack-5.0.2/lib/action_dispatch/middleware/templates/rescues/_source.html.erb
  Rendered /Users/kleahey/.rvm/gems/ruby-2.4.0@global/gems/actionpack-5.0.2/lib/action_dispatch/middleware/templates/rescues/_source.html.erb (12.2ms)
  
ActionController::RoutingError (No route matches [GET] "/"):
  
actionpack (5.0.2) lib/action_dispatch/middleware/debug_exceptions.rb:53:in `call'
web-console (3.5.0) lib/web_console/middleware.rb:135:in `call_app'
web-console (3.5.0) lib/web_console/middleware.rb:28:in `block in call'
web-console (3.5.0) lib/web_console/middleware.rb:18:in `catch'
web-console (3.5.0) lib/web_console/middleware.rb:18:in `call'
actionpack (5.0.2) lib/action_dispatch/middleware/show_exceptions.rb:31:in `call'
railties (5.0.2) lib/rails/rack/logger.rb:36:in `call_app'
railties (5.0.2) lib/rails/rack/logger.rb:24:in `block in call'
activesupport (5.0.2) lib/active_support/tagged_logging.rb:69:in `block in tagged'
activesupport (5.0.2) lib/active_support/tagged_logging.rb:26:in `tagged'
activesupport (5.0.2) lib/active_support/tagged_logging.rb:69:in `tagged'
railties (5.0.2) lib/rails/rack/logger.rb:24:in `call'
sprockets-rails (3.2.0) lib/sprockets/rails/quiet_assets.rb:13:in `call'
actionpack (5.0.2) lib/action_dispatch/middleware/request_id.rb:24:in `call'
rack (2.0.1) lib/rack/method_override.rb:22:in `call'
rack (2.0.1) lib/rack/runtime.rb:22:in `call'
activesupport (5.0.2) lib/active_support/cache/strategy/local_cache_middleware.rb:28:in `call'
actionpack (5.0.2) lib/action_dispatch/middleware/executor.rb:12:in `call'
actionpack (5.0.2) lib/action_dispatch/middleware/static.rb:136:in `call'
rack (2.0.1) lib/rack/sendfile.rb:111:in `call'
railties (5.0.2) lib/rails/engine.rb:522:in `call'
puma (3.8.2) lib/puma/configuration.rb:224:in `call'
puma (3.8.2) lib/puma/server.rb:600:in `handle_request'
puma (3.8.2) lib/puma/server.rb:435:in `process_client'
puma (3.8.2) lib/puma/server.rb:299:in `block in run'
puma (3.8.2) lib/puma/thread_pool.rb:120:in `block in spawn_thread'
  Rendering /Users/kleahey/.rvm/gems/ruby-2.4.0@global/gems/actionpack-5.0.2/lib/action_dispatch/middleware/templates/rescues/_trace.html.erb
  Rendered /Users/kleahey/.rvm/gems/ruby-2.4.0@global/gems/actionpack-5.0.2/lib/action_dispatch/middleware/templates/rescues/_trace.html.erb (2.0ms)
  Rendering /Users/kleahey/.rvm/gems/ruby-2.4.0@global/gems/actionpack-5.0.2/lib/action_dispatch/middleware/templates/rescues/_request_and_response.html.erb
  Rendered /Users/kleahey/.rvm/gems/ruby-2.4.0@global/gems/actionpack-5.0.2/lib/action_dispatch/middleware/templates/rescues/_request_and_response.html.erb (0.9ms)
  Rendered /Users/kleahey/.rvm/gems/ruby-2.4.0@global/gems/actionpack-5.0.2/lib/action_dispatch/middleware/templates/rescues/diagnostics.html.erb within rescues/layout (190.9ms)
  Rendering /Users/kleahey/.rvm/gems/ruby-2.4.0@global/gems/actionpack-5.0.2/lib/action_dispatch/middleware/templates/rescues/routing_error.html.erb within rescues/layout
  Rendering /Users/kleahey/.rvm/gems/ruby-2.4.0@global/gems/actionpack-5.0.2/lib/action_dispatch/middleware/templates/rescues/_trace.html.erb
  Rendered /Users/kleahey/.rvm/gems/ruby-2.4.0@global/gems/actionpack-5.0.2/lib/action_dispatch/middleware/templates/rescues/_trace.html.erb (2.5ms)
  Rendered collection of /Users/kleahey/.rvm/gems/ruby-2.4.0@global/gems/actionpack-5.0.2/lib/action_dispatch/middleware/templates/routes/_route.html.erb [8 times] (6.4ms)
  Rendered /Users/kleahey/.rvm/gems/ruby-2.4.0@global/gems/actionpack-5.0.2/lib/action_dispatch/middleware/templates/routes/_table.html.erb (27.2ms)
  Rendering /Users/kleahey/.rvm/gems/ruby-2.4.0@global/gems/actionpack-5.0.2/lib/action_dispatch/middleware/templates/rescues/_request_and_response.html.erb
  Rendered /Users/kleahey/.rvm/gems/ruby-2.4.0@global/gems/actionpack-5.0.2/lib/action_dispatch/middleware/templates/rescues/_request_and_response.html.erb (1.0ms)
  Rendered /Users/kleahey/.rvm/gems/ruby-2.4.0@global/gems/actionpack-5.0.2/lib/action_dispatch/middleware/templates/rescues/routing_error.html.erb within rescues/layout (337.8ms)
Started GET "/" for ::1 at 2017-04-04 12:02:09 -0400
  
NoMethodError (undefined method `root_path' for #<ActionDispatch::Routing::Mapper:0x007fd714b40c10>):
  
config/routes.rb:5:in `block in <top (required)>'
config/routes.rb:1:in `<top (required)>'
  Rendering /Users/kleahey/.rvm/gems/ruby-2.4.0@global/gems/actionpack-5.0.2/lib/action_dispatch/middleware/templates/rescues/diagnostics.html.erb within rescues/layout
  Rendering /Users/kleahey/.rvm/gems/ruby-2.4.0@global/gems/actionpack-5.0.2/lib/action_dispatch/middleware/templates/rescues/_source.html.erb
  Rendered /Users/kleahey/.rvm/gems/ruby-2.4.0@global/gems/actionpack-5.0.2/lib/action_dispatch/middleware/templates/rescues/_source.html.erb (4.5ms)
  Rendering /Users/kleahey/.rvm/gems/ruby-2.4.0@global/gems/actionpack-5.0.2/lib/action_dispatch/middleware/templates/rescues/_trace.html.erb
  Rendered /Users/kleahey/.rvm/gems/ruby-2.4.0@global/gems/actionpack-5.0.2/lib/action_dispatch/middleware/templates/rescues/_trace.html.erb (2.3ms)
  Rendering /Users/kleahey/.rvm/gems/ruby-2.4.0@global/gems/actionpack-5.0.2/lib/action_dispatch/middleware/templates/rescues/_request_and_response.html.erb
  Rendered /Users/kleahey/.rvm/gems/ruby-2.4.0@global/gems/actionpack-5.0.2/lib/action_dispatch/middleware/templates/rescues/_request_and_response.html.erb (0.8ms)
  Rendered /Users/kleahey/.rvm/gems/ruby-2.4.0@global/gems/actionpack-5.0.2/lib/action_dispatch/middleware/templates/rescues/diagnostics.html.erb within rescues/layout (83.9ms)
Started GET "/" for ::1 at 2017-04-04 12:03:27 -0400
Processing by RecipesController#index as HTML
  Rendering recipes/index.html.erb within layouts/application
  [1m[36mRecipe Load (0.7ms)[0m  [1m[34mSELECT "recipes".* FROM "recipes"[0m
  Rendered recipes/index.html.erb within layouts/application (39.8ms)
Completed 200 OK in 114ms (Views: 72.2ms | ActiveRecord: 11.2ms)


